[AUTH-TRACE] ✅ Grace period helpers attached to window.__authGracePeriod user.jsx:69:10
[AUTH-TRACE] loadUser SUCCESS 
Object { authState: {…}, url: "kuro/user", status: 200, hasUser: true }
user.jsx:18:11
[updateBGResponse] bg_code: BG0001 type: string admin.jsx:84:10
Uncaught TypeError: (destructured parameter).user is undefined
    InvoiceCreate InvoiceCreate.jsx:15
    React 10
    performWorkUntilDeadline scheduler.development.js:45
    require_scheduler_development scheduler.development.js:223
    require_scheduler_development react-dom_client.js:244
    __commonJSMin chunk-BoAXSpZd.js:8
    require_scheduler index.js:6
    __commonJSMin chunk-BoAXSpZd.js:8
    require_react_dom_client_development React
    require_react_dom_client_development react-dom_client.js:14375
    __commonJSMin chunk-BoAXSpZd.js:8
    require_client React
    __commonJSMin chunk-BoAXSpZd.js:8
    <anonymous> react-dom_client.js:14383
InvoiceCreate.jsx:12:23
[updateBGResponse] Success: 
Array [ {…}, {…} ]
admin.jsx:87:11
